-------------------------------------------------------------------------------
Test set: testRunner.TestRunnerMain
-------------------------------------------------------------------------------
Tests run: 3, Failures: 0, Errors: 2, Skipped: 0, Time elapsed: 1.021 s <<< FAILURE! - in testRunner.TestRunnerMain
Logout #1(Logout page scenario)  Time elapsed: 0.267 s  <<< ERROR!
io.cucumber.junit.UndefinedStepException: 
The step 'I login on application' and 2 other step(s) are undefined.
You can implement these steps using the snippet(s) below:

@Given("I login on application")
public void i_login_on_application() {
    // Write code here that turns the phrase above into concrete actions
    throw new io.cucumber.java.PendingException();
}
@When("I click on logout")
public void i_click_on_logout() {
    // Write code here that turns the phrase above into concrete actions
    throw new io.cucumber.java.PendingException();
}
@Then("I validate the login button on page")
public void i_validate_the_login_button_on_page() {
    // Write code here that turns the phrase above into concrete actions
    throw new io.cucumber.java.PendingException();
}


Logout #2(Logout page scenario)  Time elapsed: 0.012 s  <<< ERROR!
io.cucumber.junit.UndefinedStepException: 
The step 'I login on application' and 2 other step(s) are undefined.
You can implement these steps using the snippet(s) below:

@Given("I login on application")
public void i_login_on_application() {
    // Write code here that turns the phrase above into concrete actions
    throw new io.cucumber.java.PendingException();
}
@When("I click on logout")
public void i_click_on_logout() {
    // Write code here that turns the phrase above into concrete actions
    throw new io.cucumber.java.PendingException();
}
@Then("I validate the login button on page & sign in button")
public void i_validate_the_login_button_on_page_sign_in_button() {
    // Write code here that turns the phrase above into concrete actions
    throw new io.cucumber.java.PendingException();
}


