<?xml version="1.0" encoding="UTF-8"?>
<testsuite xmlns:xsi="http://www.w3.org/2001/XMLSchema-instance" xsi:noNamespaceSchemaLocation="https://maven.apache.org/surefire/maven-surefire-plugin/xsd/surefire-test-report.xsd" name="testRunner.TestRunnerMain" time="1.021" tests="3" errors="2" skipped="0" failures="0">
  <properties>
[...]
</properties>
  <testcase name="Logout #1" classname="Logout page scenario" time="0.267">
    <error message="The step &apos;I login on application&apos; and 2 other step(s) are undefined.&#10;You can implement these steps using the snippet(s) below:&#10;&#10;@Given(&quot;I login on application&quot;)&#10;public void i_login_on_application() {&#10;    // Write code here that turns the phrase above into concrete actions&#10;    throw new io.cucumber.java.PendingException();&#10;}&#10;@When(&quot;I click on logout&quot;)&#10;public void i_click_on_logout() {&#10;    // Write code here that turns the phrase above into concrete actions&#10;    throw new io.cucumber.java.PendingException();&#10;}&#10;@Then(&quot;I validate the login button on page&quot;)&#10;public void i_validate_the_login_button_on_page() {&#10;    // Write code here that turns the phrase above into concrete actions&#10;    throw new io.cucumber.java.PendingException();&#10;}&#10;" type="io.cucumber.junit.UndefinedStepException">io.cucumber.junit.UndefinedStepException: 
The step 'I login on application' and 2 other step(s) are undefined.
You can implement these steps using the snippet(s) below:

@Given("I login on application")
public void i_login_on_application() {
    // Write code here that turns the phrase above into concrete actions
    throw new io.cucumber.java.PendingException();
}
@When("I click on logout")
public void i_click_on_logout() {
    // Write code here that turns the phrase above into concrete actions
    throw new io.cucumber.java.PendingException();
}
@Then("I validate the login button on page")
public void i_validate_the_login_button_on_page() {
    // Write code here that turns the phrase above into concrete actions
    throw new io.cucumber.java.PendingException();
}

</error>
    <system-out><![CDATA[
@tag @p1
Scenario: Logout                           # src/test/java/features/Logout.feature:23
  Given I login on application
  When I click on logout
  Then I validate the login button on page
]]></system-out>
  </testcase>
  <testcase name="Logout #2" classname="Logout page scenario" time="0.012">
    <error message="The step &apos;I login on application&apos; and 2 other step(s) are undefined.&#10;You can implement these steps using the snippet(s) below:&#10;&#10;@Given(&quot;I login on application&quot;)&#10;public void i_login_on_application() {&#10;    // Write code here that turns the phrase above into concrete actions&#10;    throw new io.cucumber.java.PendingException();&#10;}&#10;@When(&quot;I click on logout&quot;)&#10;public void i_click_on_logout() {&#10;    // Write code here that turns the phrase above into concrete actions&#10;    throw new io.cucumber.java.PendingException();&#10;}&#10;@Then(&quot;I validate the login button on page &amp; sign in button&quot;)&#10;public void i_validate_the_login_button_on_page_sign_in_button() {&#10;    // Write code here that turns the phrase above into concrete actions&#10;    throw new io.cucumber.java.PendingException();&#10;}&#10;" type="io.cucumber.junit.UndefinedStepException"><![CDATA[io.cucumber.junit.UndefinedStepException: 
The step 'I login on application' and 2 other step(s) are undefined.
You can implement these steps using the snippet(s) below:

@Given("I login on application")
public void i_login_on_application() {
    // Write code here that turns the phrase above into concrete actions
    throw new io.cucumber.java.PendingException();
}
@When("I click on logout")
public void i_click_on_logout() {
    // Write code here that turns the phrase above into concrete actions
    throw new io.cucumber.java.PendingException();
}
@Then("I validate the login button on page & sign in button")
public void i_validate_the_login_button_on_page_sign_in_button() {
    // Write code here that turns the phrase above into concrete actions
    throw new io.cucumber.java.PendingException();
}

]]></error>
    <system-out><![CDATA[
@tag @p1
Scenario: Logout                                            # src/test/java/features/Logout.feature:29
  Given I login on application
  When I click on logout
  Then I validate the login button on page & sign in button
]]></system-out>
  </testcase>
  <testcase name="Login with valid credentials" classname="Ticket.com Home Page" time="0.027"/>
</testsuite>